<?xml version="1.0" encoding="UTF-8"?>
<!-- Generated by org.testng.reporters.JUnitReportReporter -->
<testsuite hostname="DESKTOP-FODCQ2C" failures="0" tests="1" name="com.crm.contacts.CreateContactEditcontactDeleteContact" time="22.398" errors="0" timestamp="2023-02-06T19:10:56 IST" skipped="0">
  <testcase classname="com.crm.contacts.CreateContactEditcontactDeleteContact" name="createContact" time="22.398"/>
  <system-out>
    <![CDATA[contact is created
last name is edited
contact is deleted]]>
  </system-out>
</testsuite> <!-- com.crm.contacts.CreateContactEditcontactDeleteContact -->
